<?xml version="1.0" encoding="UTF-8"?>
<!-- Generated by org.testng.reporters.JUnitReportReporter -->
<testsuite skipped="0" hostname="LAPTOP-BL99EMON" name="hooks.CreateContact" tests="1" failures="0" timestamp="02 Jan 2022 09:45:08 GMT" time="11.335" errors="0">
  <testcase name="createContact" time="11.335" classname="hooks.CreateContact"/>
</testsuite> <!-- hooks.CreateContact -->
