<?xml version="1.0" encoding="UTF-8"?>
<!-- Generated by org.testng.reporters.JUnitReportReporter -->
<testsuite skipped="0" hostname="LAPTOP-BL99EMON" name="runner.RunTest" tests="4" failures="0" timestamp="02 Jan 2022 11:06:58 GMT" time="15.781" errors="0">
  <testcase name="runScenario" time="12.271" classname="runner.RunTest"/>
  <testcase name="runScenario" time="1.181" classname="runner.RunTest"/>
  <testcase name="runScenario" time="1.281" classname="runner.RunTest"/>
  <testcase name="runScenario" time="1.048" classname="runner.RunTest"/>
</testsuite> <!-- runner.RunTest -->
