<?xml version="1.0" encoding="UTF-8"?>
<!-- Generated by org.testng.reporters.JUnitReportReporter -->
<testsuite skipped="0" hostname="LAPTOP-BL99EMON" name="services.ContactTests" tests="1" failures="0" timestamp="02 Jan 2022 09:58:43 GMT" time="6.003" errors="0">
  <testcase name="creatContact" time="6.003" classname="services.ContactTests"/>
</testsuite> <!-- services.ContactTests -->
