<?xml version="1.0" encoding="UTF-8"?>
<!-- Generated by org.testng.reporters.JUnitReportReporter -->
<testsuite skipped="0" hostname="LAPTOP-BL99EMON" name="runner.RunTest" tests="8" failures="0" timestamp="02 Jan 2022 11:52:03 GMT" time="24.026" errors="0">
  <testcase name="runScenario" time="1.159" classname="runner.RunTest"/>
  <testcase name="runScenario" time="0.972" classname="runner.RunTest"/>
  <testcase name="runScenario" time="15.953" classname="runner.RunTest"/>
  <testcase name="runScenario" time="1.320" classname="runner.RunTest"/>
  <testcase name="runScenario" time="1.148" classname="runner.RunTest"/>
  <testcase name="runScenario" time="1.125" classname="runner.RunTest"/>
  <testcase name="runScenario" time="1.145" classname="runner.RunTest"/>
  <testcase name="runScenario" time="1.204" classname="runner.RunTest"/>
</testsuite> <!-- runner.RunTest -->
