<?xml version="1.0" encoding="UTF-8"?>
<!-- Generated by org.testng.reporters.JUnitReportReporter -->
<testsuite skipped="0" hostname="LAPTOP-BL99EMON" name="services.IncidentTests" tests="1" failures="0" timestamp="31 Dec 2021 14:20:35 GMT" time="4.320" errors="0">
  <testcase name="getIncidents" time="4.320" classname="services.IncidentTests"/>
</testsuite> <!-- services.IncidentTests -->
